0 info it worked if it ends with ok
1 verbose cli [ '/usr/local/bin/node', '/usr/local/bin/npm', 'publish' ]
2 info using npm@1.4.3
3 info using node@v0.10.26
4 verbose publish [ '.' ]
5 verbose cache add [ '.', null ]
6 verbose cache add name=undefined spec="." args=[".",null]
7 verbose parsed url { protocol: null,
7 verbose parsed url   slashes: null,
7 verbose parsed url   auth: null,
7 verbose parsed url   host: null,
7 verbose parsed url   port: null,
7 verbose parsed url   hostname: null,
7 verbose parsed url   hash: null,
7 verbose parsed url   search: null,
7 verbose parsed url   query: null,
7 verbose parsed url   pathname: '.',
7 verbose parsed url   path: '.',
7 verbose parsed url   href: '.' }
8 silly lockFile 3a52ce78- .
9 verbose lock . /Users/granttimmerman/.npm/3a52ce78-.lock
10 verbose tar pack [ '/var/folders/6d/_bd7lz0512j28byzlwmfk63h0000gn/T/npm-4096-YIy7zvFo/1399258553558-0.5868185057770461/tmp.tgz',
10 verbose tar pack   '.' ]
11 verbose tarball /var/folders/6d/_bd7lz0512j28byzlwmfk63h0000gn/T/npm-4096-YIy7zvFo/1399258553558-0.5868185057770461/tmp.tgz
12 verbose folder .
13 info prepublish JavaCoffee@0.0.1
14 silly lockFile 1f1177db-tar tar://.
15 verbose lock tar://. /Users/granttimmerman/.npm/1f1177db-tar.lock
16 silly lockFile 8a56a730-53558-0-5868185057770461-tmp-tgz tar:///var/folders/6d/_bd7lz0512j28byzlwmfk63h0000gn/T/npm-4096-YIy7zvFo/1399258553558-0.5868185057770461/tmp.tgz
17 verbose lock tar:///var/folders/6d/_bd7lz0512j28byzlwmfk63h0000gn/T/npm-4096-YIy7zvFo/1399258553558-0.5868185057770461/tmp.tgz /Users/granttimmerman/.npm/8a56a730-53558-0-5868185057770461-tmp-tgz.lock
18 silly lockFile 1f1177db-tar tar://.
19 silly lockFile 1f1177db-tar tar://.
20 silly lockFile 8a56a730-53558-0-5868185057770461-tmp-tgz tar:///var/folders/6d/_bd7lz0512j28byzlwmfk63h0000gn/T/npm-4096-YIy7zvFo/1399258553558-0.5868185057770461/tmp.tgz
21 silly lockFile 8a56a730-53558-0-5868185057770461-tmp-tgz tar:///var/folders/6d/_bd7lz0512j28byzlwmfk63h0000gn/T/npm-4096-YIy7zvFo/1399258553558-0.5868185057770461/tmp.tgz
22 verbose tar unpack /var/folders/6d/_bd7lz0512j28byzlwmfk63h0000gn/T/npm-4096-YIy7zvFo/1399258553558-0.5868185057770461/tmp.tgz
23 silly lockFile ef3e90bb-53558-0-5868185057770461-package tar:///var/folders/6d/_bd7lz0512j28byzlwmfk63h0000gn/T/npm-4096-YIy7zvFo/1399258553558-0.5868185057770461/package
24 verbose lock tar:///var/folders/6d/_bd7lz0512j28byzlwmfk63h0000gn/T/npm-4096-YIy7zvFo/1399258553558-0.5868185057770461/package /Users/granttimmerman/.npm/ef3e90bb-53558-0-5868185057770461-package.lock
25 silly lockFile 8a56a730-53558-0-5868185057770461-tmp-tgz tar:///var/folders/6d/_bd7lz0512j28byzlwmfk63h0000gn/T/npm-4096-YIy7zvFo/1399258553558-0.5868185057770461/tmp.tgz
26 verbose lock tar:///var/folders/6d/_bd7lz0512j28byzlwmfk63h0000gn/T/npm-4096-YIy7zvFo/1399258553558-0.5868185057770461/tmp.tgz /Users/granttimmerman/.npm/8a56a730-53558-0-5868185057770461-tmp-tgz.lock
27 silly gunzTarPerm modes [ '755', '644' ]
28 silly gunzTarPerm extractEntry package.json
29 silly gunzTarPerm extractEntry .npmignore
30 silly gunzTarPerm extractEntry README.md
31 silly gunzTarPerm extractEntry gulpfile.js
32 silly gunzTarPerm extractEntry gulpfile.coffee
33 silly gunzTarPerm extractEntry lib/javacoffee.js
34 silly gunzTarPerm extractEntry bin/javacoffee
35 silly gunzTarPerm extractEntry src/javacoffee.coffee
36 silly gunzTarPerm extractEntry test/examples/LiteralJava.java
37 silly gunzTarPerm extractEntry test/examples/EnhancedFor.java
38 silly gunzTarPerm extractEntry test/examples/Factorial.java
39 silly gunzTarPerm extractEntry test/examples/Factorial.jc
40 silly gunzTarPerm extractEntry test/examples/HelloWorld.java
41 silly gunzTarPerm extractEntry test/examples/HelloWorld.jc
42 silly gunzTarPerm extractEntry test/examples/EnhancedFor.jc
43 silly gunzTarPerm extractEntry test/examples/LiteralJava.jc
44 silly gunzTarPerm extractEntry test/examples/Methods.java
45 silly gunzTarPerm extractEntry test/examples/Methods.jc
46 silly gunzTarPerm extractEntry test/examples/RectanglePointer.java
47 silly gunzTarPerm extractEntry test/examples/RectanglePointer.jc
48 silly lockFile ef3e90bb-53558-0-5868185057770461-package tar:///var/folders/6d/_bd7lz0512j28byzlwmfk63h0000gn/T/npm-4096-YIy7zvFo/1399258553558-0.5868185057770461/package
49 silly lockFile ef3e90bb-53558-0-5868185057770461-package tar:///var/folders/6d/_bd7lz0512j28byzlwmfk63h0000gn/T/npm-4096-YIy7zvFo/1399258553558-0.5868185057770461/package
50 silly lockFile 8a56a730-53558-0-5868185057770461-tmp-tgz tar:///var/folders/6d/_bd7lz0512j28byzlwmfk63h0000gn/T/npm-4096-YIy7zvFo/1399258553558-0.5868185057770461/tmp.tgz
51 silly lockFile 8a56a730-53558-0-5868185057770461-tmp-tgz tar:///var/folders/6d/_bd7lz0512j28byzlwmfk63h0000gn/T/npm-4096-YIy7zvFo/1399258553558-0.5868185057770461/tmp.tgz
52 verbose tar pack [ '/Users/granttimmerman/.npm/JavaCoffee/0.0.1/package.tgz',
52 verbose tar pack   '/var/folders/6d/_bd7lz0512j28byzlwmfk63h0000gn/T/npm-4096-YIy7zvFo/1399258553558-0.5868185057770461/package' ]
53 verbose tarball /Users/granttimmerman/.npm/JavaCoffee/0.0.1/package.tgz
54 verbose folder /var/folders/6d/_bd7lz0512j28byzlwmfk63h0000gn/T/npm-4096-YIy7zvFo/1399258553558-0.5868185057770461/package
55 silly lockFile ef3e90bb-53558-0-5868185057770461-package tar:///var/folders/6d/_bd7lz0512j28byzlwmfk63h0000gn/T/npm-4096-YIy7zvFo/1399258553558-0.5868185057770461/package
56 verbose lock tar:///var/folders/6d/_bd7lz0512j28byzlwmfk63h0000gn/T/npm-4096-YIy7zvFo/1399258553558-0.5868185057770461/package /Users/granttimmerman/.npm/ef3e90bb-53558-0-5868185057770461-package.lock
57 silly lockFile 66c87e1c-npm-JavaCoffee-0-0-1-package-tgz tar:///Users/granttimmerman/.npm/JavaCoffee/0.0.1/package.tgz
58 verbose lock tar:///Users/granttimmerman/.npm/JavaCoffee/0.0.1/package.tgz /Users/granttimmerman/.npm/66c87e1c-npm-JavaCoffee-0-0-1-package-tgz.lock
59 silly lockFile ef3e90bb-53558-0-5868185057770461-package tar:///var/folders/6d/_bd7lz0512j28byzlwmfk63h0000gn/T/npm-4096-YIy7zvFo/1399258553558-0.5868185057770461/package
60 silly lockFile ef3e90bb-53558-0-5868185057770461-package tar:///var/folders/6d/_bd7lz0512j28byzlwmfk63h0000gn/T/npm-4096-YIy7zvFo/1399258553558-0.5868185057770461/package
61 silly lockFile 66c87e1c-npm-JavaCoffee-0-0-1-package-tgz tar:///Users/granttimmerman/.npm/JavaCoffee/0.0.1/package.tgz
62 silly lockFile 66c87e1c-npm-JavaCoffee-0-0-1-package-tgz tar:///Users/granttimmerman/.npm/JavaCoffee/0.0.1/package.tgz
63 silly lockFile 92ed36b5-man-npm-JavaCoffee-0-0-1-package /Users/granttimmerman/.npm/JavaCoffee/0.0.1/package
64 verbose lock /Users/granttimmerman/.npm/JavaCoffee/0.0.1/package /Users/granttimmerman/.npm/92ed36b5-man-npm-JavaCoffee-0-0-1-package.lock
65 silly lockFile 92ed36b5-man-npm-JavaCoffee-0-0-1-package /Users/granttimmerman/.npm/JavaCoffee/0.0.1/package
66 silly lockFile 92ed36b5-man-npm-JavaCoffee-0-0-1-package /Users/granttimmerman/.npm/JavaCoffee/0.0.1/package
67 verbose tar unpack /Users/granttimmerman/.npm/JavaCoffee/0.0.1/package.tgz
68 silly lockFile b1b02d1d-man-npm-JavaCoffee-0-0-1-package tar:///Users/granttimmerman/.npm/JavaCoffee/0.0.1/package
69 verbose lock tar:///Users/granttimmerman/.npm/JavaCoffee/0.0.1/package /Users/granttimmerman/.npm/b1b02d1d-man-npm-JavaCoffee-0-0-1-package.lock
70 silly lockFile 66c87e1c-npm-JavaCoffee-0-0-1-package-tgz tar:///Users/granttimmerman/.npm/JavaCoffee/0.0.1/package.tgz
71 verbose lock tar:///Users/granttimmerman/.npm/JavaCoffee/0.0.1/package.tgz /Users/granttimmerman/.npm/66c87e1c-npm-JavaCoffee-0-0-1-package-tgz.lock
72 silly gunzTarPerm modes [ '755', '644' ]
73 silly gunzTarPerm extractEntry package.json
74 silly gunzTarPerm extractEntry .npmignore
75 silly gunzTarPerm extractEntry README.md
76 silly gunzTarPerm extractEntry gulpfile.js
77 silly gunzTarPerm extractEntry bin/javacoffee
78 silly gunzTarPerm extractEntry gulpfile.coffee
79 silly gunzTarPerm extractEntry lib/javacoffee.js
80 silly gunzTarPerm extractEntry src/javacoffee.coffee
81 silly gunzTarPerm extractEntry test/examples/LiteralJava.java
82 silly gunzTarPerm extractEntry test/examples/EnhancedFor.java
83 silly gunzTarPerm extractEntry test/examples/Factorial.java
84 silly gunzTarPerm extractEntry test/examples/Factorial.jc
85 silly gunzTarPerm extractEntry test/examples/HelloWorld.java
86 silly gunzTarPerm extractEntry test/examples/HelloWorld.jc
87 silly gunzTarPerm extractEntry test/examples/EnhancedFor.jc
88 silly gunzTarPerm extractEntry test/examples/LiteralJava.jc
89 silly gunzTarPerm extractEntry test/examples/Methods.java
90 silly gunzTarPerm extractEntry test/examples/Methods.jc
91 silly gunzTarPerm extractEntry test/examples/RectanglePointer.java
92 silly gunzTarPerm extractEntry test/examples/RectanglePointer.jc
93 silly lockFile b1b02d1d-man-npm-JavaCoffee-0-0-1-package tar:///Users/granttimmerman/.npm/JavaCoffee/0.0.1/package
94 silly lockFile b1b02d1d-man-npm-JavaCoffee-0-0-1-package tar:///Users/granttimmerman/.npm/JavaCoffee/0.0.1/package
95 silly lockFile 66c87e1c-npm-JavaCoffee-0-0-1-package-tgz tar:///Users/granttimmerman/.npm/JavaCoffee/0.0.1/package.tgz
96 silly lockFile 66c87e1c-npm-JavaCoffee-0-0-1-package-tgz tar:///Users/granttimmerman/.npm/JavaCoffee/0.0.1/package.tgz
97 verbose chmod /Users/granttimmerman/.npm/JavaCoffee/0.0.1/package.tgz 644
98 verbose chown /Users/granttimmerman/.npm/JavaCoffee/0.0.1/package.tgz [ 501, 20 ]
99 silly lockFile 3a52ce78- .
100 silly lockFile 3a52ce78- .
101 silly publish { name: 'JavaCoffee',
101 silly publish   version: '0.0.1',
101 silly publish   description: 'Coffeescript-like syntax for writing Java code ',
101 silly publish   main: './lib/javacoffee',
101 silly publish   scripts: { test: 'mocha' },
101 silly publish   repository: { type: 'git', url: 'https://github.com/grant/JavaCoffee' },
101 silly publish   keywords: [ 'coffeescript', 'java', 'simple', 'clean' ],
101 silly publish   bin: { javacoffee: './bin/javacoffee' },
101 silly publish   author: { name: 'Grant Timmerman' },
101 silly publish   license: 'MIT',
101 silly publish   bugs: { url: 'https://github.com/grant/JavaCoffee/issues' },
101 silly publish   homepage: 'https://github.com/grant/JavaCoffee',
101 silly publish   engines: { node: '*' },
101 silly publish   devDependencies:
101 silly publish    { gulp: '^3.6.2',
101 silly publish      'gulp-watch': '^0.6.4',
101 silly publish      'gulp-coffeelint': '^0.3.2',
101 silly publish      'gulp-util': '^2.2.14',
101 silly publish      'coffee-script': '^1.7.1',
101 silly publish      'gulp-plumber': '^0.6.1',
101 silly publish      'gulp-coffee': '^1.4.2' },
101 silly publish   readme: 'JavaCoffee\n==========\n\nCoffeescript-like syntax for writing Java code.\n\n## Examples\n\n### Fibonacci\n\n```jc\nclass Fibonacci\n  # Print out the Fibonacci sequence for values < 50\n  main\n    lo = hi = 1\n    println lo\n    while hi < 50\n      print hi\n      hi = lo + hi\n      lo = hi - lo\n```\n\nconverts to\n\n```java\nclass Fibonacci {\n  // Print out the Fibonacci sequence for values < 50\n  public static void main(String[] args) {\n    int lo = 1;\n    int hi = 1;\n    System.out.println(lo);\n    while (hi < 50) {\n      System.out.print(hi);\n      hi = lo + hi;\n      lo = hi - lo;\n    }\n  }\n}\n```\n\n### Point\n\n```jc\nclass Point\n  +double x, y\n  +&origin = Point 0 0\n  Point @x @y\n  +clear @x = @y = 0\n  +distance(Point that):double\n    xDiff = x - that.x\n    yDiff = y - that.y\n    Math.sqrt xDiff^2 + yDiff^2\n```\n\nconverts to \n\n```java\nclass Point {\n  public double x, y; \n  public static Point origin = new Point(0,0); \n  Point(double x_value, double y_value) {\n    x = x_value; \n    y = y_value; \n  }\n  public void clear() {\n    this.x = 0; \n    this.y = 0; \n  }\n  public double distance(Point that) {\n    double xDiff = x - that.x; \n    double yDiff = y - that.y; \n    return Math.sqrt(xDiff * xDiff + yDiff * yDiff);\n  }\n}\n```\n\n## How to compile\n\n`javacoffee file.jc` -> `file.class`\n\nFiletype: _.jc_\n',
101 silly publish   readmeFilename: 'README.md',
101 silly publish   _id: 'JavaCoffee@0.0.1',
101 silly publish   dist: { shasum: '2ca60d4ffa03d62483167b78b57ac9372a000282' },
101 silly publish   _from: '.' }
102 verbose url raw JavaCoffee
103 verbose url resolving [ 'https://registry.npmjs.org/', './JavaCoffee' ]
104 verbose url resolved https://registry.npmjs.org/JavaCoffee
105 info trying registry request attempt 1 at 19:55:53
106 http PUT https://registry.npmjs.org/JavaCoffee
107 http 403 https://registry.npmjs.org/JavaCoffee
108 error publish Failed PUT 403
109 error Error: forbidden New packages must have all-lowercase names: JavaCoffee
109 error     at RegClient.<anonymous> (/usr/local/Cellar/node/0.10.0/lib/node_modules/npm/node_modules/npm-registry-client/lib/request.js:237:14)
109 error     at Request.self.callback (/usr/local/Cellar/node/0.10.0/lib/node_modules/npm/node_modules/request/request.js:123:22)
109 error     at Request.EventEmitter.emit (events.js:98:17)
109 error     at Request.<anonymous> (/usr/local/Cellar/node/0.10.0/lib/node_modules/npm/node_modules/request/request.js:893:14)
109 error     at Request.EventEmitter.emit (events.js:117:20)
109 error     at IncomingMessage.<anonymous> (/usr/local/Cellar/node/0.10.0/lib/node_modules/npm/node_modules/request/request.js:844:12)
109 error     at IncomingMessage.EventEmitter.emit (events.js:117:20)
109 error     at _stream_readable.js:920:16
109 error     at process._tickCallback (node.js:415:13)
110 error If you need help, you may report this *entire* log,
110 error including the npm and node versions, at:
110 error     <http://github.com/npm/npm/issues>
111 error System Darwin 13.1.0
112 error command "/usr/local/bin/node" "/usr/local/bin/npm" "publish"
113 error cwd /Users/granttimmerman/Documents/Programming/github/JavaCoffee
114 error node -v v0.10.26
115 error npm -v 1.4.3
116 verbose exit [ 1, true ]
